/var/spool/slurmd/job4534518/slurm_script: line 2: SBATCH: command not found
/var/spool/slurmd/job4534518/slurm_script: line 3: SBATCH: command not found
/var/spool/slurmd/job4534518/slurm_script: line 4: SBATCH: command not found
/var/spool/slurmd/job4534518/slurm_script: line 5: SBATCH: command not found
Start date: Mon Sep 30 19:43:58 MSK 2024
mpirun ./syomin_two_mesh -save_dir /home/marukhin_a_v/projects/carnum/cmake-build-Release/examples/SyominModel/results/ -stims Slab{ 0 0 0 30 5 10 25 100 1 1 2000} -axis_sizes_mech 4 -axis_sizes_ep 10 -dt 1 -prob_iters 1 20 100 100 -save_its 20000 -save_its_checkpoint 20000 -stretch_bnd_spring_fastening_time 100 -mount_type 1 -k_spr 20 -k_spr_fastening 2 k_spr_und 20 -with_true_incompres 0 -with_bulk_term 1 -with_isochoric_decomposition 1 -with_activation 1 -quad_order_ep 1 -quad_order_mech 3 -nlin_strategy 1 -nlin_params MaxSetupCalls 1 MaxSubSetupCalls 1 EtaForm 3 EtaConstValue 13 -ion_model DYNAMIC_SyominTsaturyan_theta -t 1000 -stretch_bnd 1 -stretch_k 0.01 -fix_underside 1 -view_ion_average A1 c deltan theta -save_act_time 1 -save_fiber_stretch 1 -save_fiber_velocity 1 -save_fiber_acceleration 1 -save_stat_delta 1 -save_prefix model -mech_continuation_factor 1.0 -lin_sol_db solver_db_2.xml -mech_time_scheme 1
Input args:
"./syomin_two_mesh" "-save_dir" "/home/marukhin_a_v/projects/carnum/cmake-build-Release/examples/SyominModel/results/" "-stims" "Slab{ 0 0 0 30 5 10 25 100 1 1 2000}" "-axis_sizes_mech" "4" "-axis_sizes_ep" "10" "-dt" "1" "-prob_iters" "1 20 100 100" "-save_its" "20000" "-save_its_checkpoint" "20000" "-stretch_bnd_spring_fastening_time" "100" "-mount_type" "1" "-k_spr" "20" "-k_spr_fastening" "2" "k_spr_und" "20" "-with_true_incompres" "0" "-with_bulk_term" "1" "-with_isochoric_decomposition" "1" "-with_activation" "1" "-quad_order_ep" "1" "-quad_order_mech" "3" "-nlin_strategy" "1" "-nlin_params" "MaxSetupCalls 1 MaxSubSetupCalls 1 EtaForm 3 EtaConstValue 13" "-ion_model" "DYNAMIC_SyominTsaturyan_theta" "-t" "1000" "-stretch_bnd" "1" "-stretch_k" "0.01" "-fix_underside" "1" "-view_ion_average" "A1 c deltan theta" "-save_act_time" "1" "-save_fiber_stretch" "1" "-save_fiber_velocity" "1" "-save_fiber_acceleration" "1" "-save_stat_delta" "1" "-save_prefix" "model" "-mech_continuation_factor" "1.0" "-lin_sol_db" "solver_db_2.xml" "-mech_time_scheme" "1" 

save_pmf_strategy: 0
mndmn_lin_sol_prefix: mndmn
length_unit: 10
mech_lin_sol_prefix: mech
ion_initial_states: 
mech_lin_sol_nm: inner_mptiluc
v_init: -80
save_its: 20000
with_mech_feedback: 1
conductivity: 0.5, 4.5
k_spr_fastening: 2
stretch_k: 0.01
stretch_bnd: 1
save_act_time: 1
show_nlin_sol_params: 0
with_bulk_term: 1
with_true_incompres: 0
scenario: 0
axis_sizes_ep: 10
fix_part_bnd: 0
hemo_params: 
with_exponential_titin: 1
zero_velocity: 0
t: 1000
prob_iters: 1, 20, 100, 100
nlin_strategy: 1
stretch_bnd_spring_fastening_time: 100
nlin_tol: 1e-08, 1e-08
nlin_maxit: 200
t_init: 0
hemo_params_file: 
ion_params: 
k_spr_und: 20
with_activation: 1
with_isochoric_decomposition: 1
max_fail_restart_level: 4
mech_time_scheme: 1
act_prms: 0, 1, 1, 0, 0, 1, 0
density: 1
mount_type: 1
quad_order_mech: 3
k_spr: 20
ufem: P2
save_fiber_velocity: 1
length_scales: 9, 9, 1
ion_model: DYNAMIC_SyominTsaturyan_theta
mesh_file_mech: 
hemo_init_states_file: 
min_time_scale: 0.01
mesh_file_ep: 
save_dir: /home/marukhin_a_v/projects/carnum/cmake-build-Release/examples/SyominModel/results/
mndmn_lin_params: 
mesh_file_uni: 
bulk_prms: 50
pfem: P1
elastic_prms: 0.55, 2.85
quad_order_ep: 1
quad_order_ep_stif: -1
quad_order_ep_stim: -1
quad_order_ep_mass: -1
stims: Slab{ 0 0 0 30 5 10 25 100 1 1 2000}
dt: 1
load_checkpoint: 0
save_prefix: model
view_ion: 
save_fiber_stretch: 1
save_fiber_acceleration: 1
save_stat_delta: 1
axis_sizes_mech: 4
save_its_checkpoint: 20000
nlin_params: MaxSetupCalls 1 MaxSubSetupCalls 1 EtaForm 3 EtaConstValue 13
mech_continuation_factor: 1
fix_underside: 1
hemo_init_states: 
lin_sol_db: solver_db_2.xml
try_repair_time_scale_its: 10
mech_strict_dirichlet: 0
view_ion_average: A1 c deltan theta
mech_lin_params: 
restart_time_scale: 0.5
mndmn_lin_sol_nm: inner_mptiluc

Running with MPI using
Parallel devices: 
	MPI: 4 processors; MPI version 3.1 on processor "c01"
	OpenMP: 6 threads per processor; OpenMP version 201511

--- Load/generate mesh ( wtime = 5.4121e-05s )
--- Create mesh partition ( wtime = 2.2368s )
--- Mark ghosts ( wtime = 4.24121s )
Mark ghosts: 22.2844 <-> checks = 0.0140104s, finds = 21.9764s
Mark ghosts: 2.48481 <-> checks = 0.0259745s, finds = 0.584671s
--- Redistribute meshes ( wtime = 29.0109s )
--- Exchange tag data ( wtime = 33.334s )
--- Coupled: Mesh statistics:
    m_ep "mesh_ephy": Mesh info: #N 91091 #E 596890 #F 991800 #T 486000
       0: #N 24299 #E 157330 #F 259992 #T 126960 #set 0 #tag 20
       1: #N 24288 #E 157278 #F 259921 #T 126930 #set 0 #tag 20
       2: #N 24288 #E 157278 #F 259921 #T 126930 #set 0 #tag 20
       3: #N 24299 #E 157330 #F 259992 #T 126960 #set 0 #tag 20    m_mech "mesh_mech": 
Mesh info: #N 6845 #E 41116 #F 65376 #T 31104
       0: #N 2000 #E 11689 #F 18354 #T 8664 #set 0 #tag 20
       1: #N 1995 #E 11667 #F 18325 #T 8652 #set 0 #tag 20
       2: #N 1995 #E 11667 #F 18325 #T 8652 #set 0 #tag 20
       3: #N 2000 #E 11689 #F 18354 #T 8664 #set 0 #tag 20
--- Monodomain: Initialize parameters ( wtime = 33.823s )
--- Monodomain: Associate with mesh "mesh_ephy"
--- Ion: Initialize parameters ( wtime = 33.823s )
--- Ion: Add domain on mesh "mesh_ephy"
--- Ion: Add domain on mesh "mesh_mech"
--- Ion: Load ion model "DYNAMIC_SyominTsaturyan_theta"
--- HemoDynamics: Initialize parameters ( wtime = 33.8756s )
--- Mechanics: Initialize parameters ( wtime = 33.8756s )
--- Mechanics: Associate with mesh "mesh_mech"
--- Mechanics: Initialize boundary conditions ( wtime = 33.8757s )
--- Generate new boundary marks
Fixed boundary: #N 185 #E 472 #F 288 #T 0
Underside boundary: #N 1369 #E 3960 #F 2592 #T 0
Pressure boundary: #N 185 #E 472 #F 288 #T 0
--- Monodomain: Create state tags
--- Monodomain: Create solution tag "mndmn.V"
--- Monodomain: Set initial value
projection:
	solved_succesful: #lits   9  residual 7.0771e-07, preconding = 0.0883079s, solving = 0.0426731s
--- Ion: Create state tags
--- HemoDynamics: Create state tags on mesh "mesh_mech"
--- Mechanics: Create state tags
--- Mechanics: Create solution tag "mech.u"
--- Mechanics: Create solution tag "mech.ext.d2u_dt2"
--- Mechanics: Create solution tag "mech.ext.du_dt"
--- Mechanics: Create solution tag "mech.ext.u"
--- Mechanics: Create solution tag "mech.ext.dt_prev"
--- Coupled: Link Ion -> Monodomain submodels ( wtime = 34.1434s )
--- Coupled: Link Ion -> Mechanics submodels ( wtime = 34.1434s )
--- Coupled: Link Mechanics -> HemoDynamics submodels ( wtime = 34.1435s )
--- Coupled: Link HemoDynamics -> Mechanics submodels ( wtime = 34.1435s )
--- Coupled: Create ep mesh <-> mech mesh interpolation map ( wtime = 34.1435s )
--- Coupled: Link Monodomain -> Ion submodels ( wtime = 36.0145s )
--- Coupled: Link Mechanics -> Ion submodels ( wtime = 36.0145s )
--- Monodomain: Prepare problem
--- Mechanics: Prepare problem
--- HemoDynamics: Prepare problem ( wtime = 37.4505s )
--- Hemo set pressure = 0
--- Ion: Prepare problem ( wtime = 37.4511s )
--- Monodomain: Assemble monodomain matrix
--- Monodomain: Set preconditioner for linear solver
--- Mechanics: Assemble mechanical matrix template
--- Mechanics: Initialize linear solver
--- Mechanics: Initialize nonlinear solver

[KINSOL ERROR]  KINSetEtaConstValue
  eta out of range.


[KINSOL ERROR]  KINSetEtaConstValue
  eta out of range.


[KINSOL ERROR]  KINSetEtaConstValue
  eta out of range.


[KINSOL ERROR]  KINSetEtaConstValue
  eta out of range.

terminate called after throwing an instance of 'std::runtime_error'
terminate called after throwing an instance of 'std::runtime_error'
  what():  Can't find ion state "deltan"
terminate called after throwing an instance of 'std::runtime_error'
  what():  Can't find ion state "deltan"
terminate called after throwing an instance of 'std::runtime_error'
  what():  Can't find ion state "deltan"
  what():  Can't find ion state "deltan"

===================================================================================
=   BAD TERMINATION OF ONE OF YOUR APPLICATION PROCESSES
=   RANK 0 PID 220595 RUNNING AT c01
=   KILLED BY SIGNAL: 6 (Aborted)
===================================================================================

===================================================================================
=   BAD TERMINATION OF ONE OF YOUR APPLICATION PROCESSES
=   RANK 1 PID 220596 RUNNING AT c01
=   KILLED BY SIGNAL: 9 (Killed)
===================================================================================

===================================================================================
=   BAD TERMINATION OF ONE OF YOUR APPLICATION PROCESSES
=   RANK 2 PID 220597 RUNNING AT c01
=   KILLED BY SIGNAL: 6 (Aborted)
===================================================================================

===================================================================================
=   BAD TERMINATION OF ONE OF YOUR APPLICATION PROCESSES
=   RANK 3 PID 220598 RUNNING AT c01
=   KILLED BY SIGNAL: 6 (Aborted)
===================================================================================
End date: Mon Sep 30 19:44:37 MSK 2024
